[0m21:49:42.627329 [debug] [MainThread]: Sending event: {'category': 'dbt', 'action': 'invocation', 'label': 'start', 'context': [<snowplow_tracker.self_describing_json.SelfDescribingJson object at 0x00000223AF8EF2F0>, <snowplow_tracker.self_describing_json.SelfDescribingJson object at 0x00000223B093EED0>, <snowplow_tracker.self_describing_json.SelfDescribingJson object at 0x00000223B093EF90>]}


============================== 21:49:42.746919 | fe3749e1-e02a-4fc2-a6bc-cd29f4138462 ==============================
[0m21:49:42.746919 [info ] [MainThread]: Running with dbt=1.10.4
[0m21:49:42.746919 [debug] [MainThread]: running dbt with arguments {'printer_width': '80', 'indirect_selection': 'eager', 'write_json': 'True', 'log_cache_events': 'False', 'partial_parse': 'True', 'cache_selected_only': 'False', 'warn_error': 'None', 'fail_fast': 'False', 'debug': 'False', 'log_path': 'logs', 'version_check': 'True', 'profiles_dir': 'C:\\Users\\PC\\.dbt', 'use_colors': 'True', 'use_experimental_parser': 'False', 'no_print': 'None', 'quiet': 'False', 'empty': 'None', 'log_format': 'default', 'static_parser': 'True', 'introspect': 'True', 'invocation_command': 'dbt init', 'target_path': 'None', 'warn_error_options': 'WarnErrorOptionsV2(error=[], warn=[], silence=[])', 'send_anonymous_usage_stats': 'True'}
[0m21:49:48.793152 [debug] [MainThread]: Starter project path: C:\Users\PC\OneDrive\Documentos\airflow_dbt\airflow_dbt\1_local_setup\.venv\Lib\site-packages\dbt\include\starter_project
[0m21:49:48.818781 [info ] [MainThread]: 
Your new dbt project "jornada_dw" was created!

For more information on how to configure the profiles.yml file,
please consult the dbt documentation here:

  https://docs.getdbt.com/docs/configure-your-profile

One more thing:

Need help? Don't hesitate to reach out to us via GitHub issues or on Slack:

  https://community.getdbt.com/

Happy modeling!

[0m21:49:48.818781 [info ] [MainThread]: Setting up your profile.
[0m21:53:34.439101 [info ] [MainThread]: Profile jornada_dw written to C:\Users\PC\.dbt\profiles.yml using target's profile_template.yml and your supplied values. Run 'dbt debug' to validate the connection.
[0m21:53:34.440732 [debug] [MainThread]: Command `dbt init` succeeded at 21:53:34.440153 after 231.94 seconds
[0m21:53:34.441273 [debug] [MainThread]: Sending event: {'category': 'dbt', 'action': 'invocation', 'label': 'end', 'context': [<snowplow_tracker.self_describing_json.SelfDescribingJson object at 0x00000223B0C16ED0>, <snowplow_tracker.self_describing_json.SelfDescribingJson object at 0x00000223AE6A8860>, <snowplow_tracker.self_describing_json.SelfDescribingJson object at 0x00000223AA137680>]}
[0m21:53:34.441801 [debug] [MainThread]: Flushing usage events
[0m21:53:35.126380 [debug] [MainThread]: An error was encountered while trying to flush usage events
